<?xml version="1.0" encoding="UTF-8"?>
<!-- Generated by org.testng.reporters.JUnitReportReporter -->
<testsuite hostname="LAPTOP-HFCTE8OS" failures="0" tests="1" name="Testing.Script" time="15.499" errors="0" timestamp="2024-06-07T01:24:03 IST" skipped="0">
  <testcase classname="Testing.Script" name="sftTesting" time="15.499"/>
  <system-out/>
</testsuite> <!-- Testing.Script -->
