<?xml version="1.0" encoding="UTF-8"?>
<!-- Generated by org.testng.reporters.JUnitReportReporter -->
<testsuite hostname="LAPTOP-HFCTE8OS" failures="0" tests="1" name="Testing.TestExecutions" time="8.629" errors="0" timestamp="2024-07-26T02:04:21 IST" skipped="0">
  <testcase classname="Testing.TestExecutions" name="TestCase1" time="8.629"/>
  <system-out/>
</testsuite> <!-- Testing.TestExecutions -->
